e:\rtr\github\opengl-cuda-clothrendering\x64\debug\vc142.pdb
e:\rtr\github\opengl-cuda-clothrendering\x64\debug\vc142.idb
e:\rtr\github\opengl-cuda-clothrendering\x64\debug\cudaclothupdate.obj
e:\rtr\github\opengl-cuda-clothrendering\x64\debug\cudaclothuninitialise.obj
e:\rtr\github\opengl-cuda-clothrendering\x64\debug\cudaclothinitialise.obj
e:\rtr\github\opengl-cuda-clothrendering\x64\debug\cudaclothrender.obj
x64\debug\cudaclothkernel.cu.obj
x64\debug\sinewave.cu.obj
c:\users\atharva cs\source\repos\cudaruntime1\x64\debug\cudaruntime1.lib
c:\users\atharva cs\source\repos\cudaruntime1\x64\debug\cudaruntime1.exp
e:\rtr\github\opengl-cuda-clothrendering\x64\debug\cudaruntime1.lib
e:\rtr\github\opengl-cuda-clothrendering\x64\debug\cudaruntime1.exp
c:\users\atharva cs\source\repos\cudaruntime1\x64\debug\cudaruntime1.ilk
c:\users\atharva cs\source\repos\cudaruntime1\x64\debug\cudaruntime1.exe
c:\users\atharva cs\source\repos\cudaruntime1\x64\debug\cudaruntime1.pdb
e:\rtr\github\opengl-cuda-clothrendering\x64\debug\cudaruntime1.exe
e:\rtr\github\opengl-cuda-clothrendering\x64\debug\cudaruntime1.ilk
e:\rtr\github\opengl-cuda-clothrendering\x64\debug\cudaruntime1.pdb
e:\rtr\github\opengl-cuda-clothrendering\x64\debug\cudaclothkernel.cu.cache
e:\rtr\github\opengl-cuda-clothrendering\x64\debug\kernel.cu.cache
e:\rtr\github\opengl-cuda-clothrendering\x64\debug\sinewave.cu.cache
e:\rtr\github\opengl-cuda-clothrendering\x64\debug\cudaclothkernel.cu.obj
e:\rtr\github\opengl-cuda-clothrendering\x64\debug\kernel.cu.obj
e:\rtr\github\opengl-cuda-clothrendering\x64\debug\sinewave.cu.obj
e:\rtr\github\opengl-cuda-clothrendering\x64\debug\cudaruntime1.tlog\cl.command.1.tlog
e:\rtr\github\opengl-cuda-clothrendering\x64\debug\cudaruntime1.tlog\cl.read.1.tlog
e:\rtr\github\opengl-cuda-clothrendering\x64\debug\cudaruntime1.tlog\cl.write.1.tlog
e:\rtr\github\opengl-cuda-clothrendering\x64\debug\cudaruntime1.tlog\cudacompile.read.1u.tlog
e:\rtr\github\opengl-cuda-clothrendering\x64\debug\cudaruntime1.tlog\cudacompile.write.1u.tlog
e:\rtr\github\opengl-cuda-clothrendering\x64\debug\cudaruntime1.tlog\cudaruntime1.write.1u.tlog
e:\rtr\github\opengl-cuda-clothrendering\x64\debug\cudaruntime1.tlog\link.command.1.tlog
e:\rtr\github\opengl-cuda-clothrendering\x64\debug\cudaruntime1.tlog\link.read.1.tlog
e:\rtr\github\opengl-cuda-clothrendering\x64\debug\cudaruntime1.tlog\link.write.1.tlog
